{
  "RSpec": {
    "coverage": {
      "/Users/ellieaston/Projects/bookmark-manager/spec/bookmark_spec.rb": [
        1,
        null,
        1,
        null,
        1,
        1,
        null,
        1,
        1,
        1,
        null,
        null,
        null,
        null
      ],
      "/Users/ellieaston/Projects/bookmark-manager/spec/features/view_bookmarks_spec.rb": [
        1,
        1,
        1,
        1,
        1,
        1,
        null,
        null,
        null
      ]
    },
    "timestamp": 1572885007
  }
}
